2025-02-11 12:48:07|   0.0|  0.0|INFORM|Current FME version: FME 2023.1.2.0 (20231110 - Build 23641 - WIN64)
2025-02-11 12:48:07|   0.0|  0.0|WARN  |Failed to free sufficient memory to reach the process usage limit. To improve stability and performance please increase the memory available to FME. Available memory can be increased by adding physical RAM, increasing swap space, or closing other applications
2025-02-11 12:48:07|   0.0|  0.0|INFORM|System Time: 20250211104807 UTC
2025-02-11 12:48:07|   0.0|  0.0|INFORM|FME_HOME is 'C:\Program Files\FME\'
2025-02-11 12:48:07|   0.0|  0.0|INFORM|FME Form Fixed (node locked-crc)
2025-02-11 12:48:07|   0.0|  0.0|INFORM|Serial Number: US49-QMJS-18KN
2025-02-11 12:48:07|   0.0|  0.0|INFORM|Permanent License.
2025-02-11 12:48:07|   0.0|  0.0|INFORM|Machine host name is: LAPTOP-7RKO8EUC
2025-02-11 12:48:07|   0.0|  0.0|INFORM|OS Locale Name     : fi_FI
2025-02-11 12:48:07|   0.0|  0.0|INFORM|OS Locale Encoding : windows-1252
2025-02-11 12:48:07|   0.0|  0.0|INFORM|Process Encoding   : UTF-8
2025-02-11 12:48:07|   0.0|  0.0|INFORM|FME API version: '4.0 20230426'
2025-02-11 12:48:07|   0.0|  0.0|INFORM|FME Configuration: FME_BASE is 'no'
2025-02-11 12:48:07|   0.0|  0.0|INFORM|FME Configuration: FME_MF_DIR is 'C:\temp\hki_kuva_pvs\kuva_pvs_demo/'
2025-02-11 12:48:07|   0.0|  0.0|INFORM|FME Configuration: FME_MF_NAME is 'mockup_data_to_gis.fmw'
2025-02-11 12:48:07|   0.0|  0.0|INFORM|FME Configuration: FME_PRODUCT_NAME is 'FME(R) 2023.1.2.0'
2025-02-11 12:48:07|   0.0|  0.0|INFORM|Operating System: Microsoft Windows 10 64-bit  (Build 19045)
2025-02-11 12:48:07|   0.0|  0.0|INFORM|FME Platform: WIN64
2025-02-11 12:48:07|   0.0|  0.0|INFORM|System Status: 205.19 MB of disk space available in the FME temporary folder (C:\temp\FME_temp\wbrun_1739193046960_29512\fmetmp_57)
2025-02-11 12:48:07|   0.0|  0.0|INFORM|System Status: 15.73 GB of physical memory available
2025-02-11 12:48:07|   0.0|  0.0|INFORM|System Status: 62.90 GB of virtual memory available
2025-02-11 12:48:07|   0.0|  0.0|INFORM|START - ProcessID: 25240, peak process memory usage: 43492 kB, current process memory usage: 43492 kB
2025-02-11 12:48:07|   0.0|  0.0|INFORM|FME Configuration: Command line arguments are `C:\Program Files\FME\fme.exe' `C:\temp\hki_kuva_pvs\kuva_pvs_demo\wb-xlate-1739270885100_29512' `LOG_STANDARDOUT' `YES' `LOG_TIMINGS' `YES' `LogCountServerName' `63400' `LOG_STANDARDOUT' `No' `WORKBENCH_LOG_SERVER' `63064'
2025-02-11 12:48:07|   0.0|  0.0|INFORM|FME Configuration: Connection Storage: 'C:\Users\JoukoJärnefelt\AppData\Roaming\Safe Software\FME\'
2025-02-11 12:48:07|   0.0|  0.0|INFORM|Shared folders for formats are : C:\Program Files\FME\datasources;C:\Users\JoukoJärnefelt\Documents\FME\Formats
2025-02-11 12:48:07|   0.0|  0.0|INFORM|Shared folders for transformers are : C:\Users\JoukoJärnefelt\AppData\Roaming\Safe Software\FME\Packages\23641-win64\transformers;C:\Program Files\FME\transformers;C:\Users\JoukoJärnefelt\AppData\Roaming\Safe Software\FME\FME Store\Transformers
2025-02-11 12:48:07|   0.0|  0.0|INFORM|Shared folders for coordinate systems are : C:\Users\JoukoJärnefelt\Documents\FME\CoordinateSystems
2025-02-11 12:48:07|   0.0|  0.0|INFORM|Shared folders for coordinate system exceptions are : C:\Users\JoukoJärnefelt\Documents\FME\CoordinateSystemExceptions
2025-02-11 12:48:07|   0.0|  0.0|INFORM|Shared folders for coordinate system grid overrides are : C:\Users\JoukoJärnefelt\Documents\FME\CoordinateSystemGridOverrides
2025-02-11 12:48:07|   0.0|  0.0|INFORM|Shared folders for CS-MAP transformation exceptions are : C:\Users\JoukoJärnefelt\Documents\FME\CsmapTransformationExceptions
2025-02-11 12:48:07|   0.0|  0.0|INFORM|Shared folders for transformer categories are : C:\Users\JoukoJärnefelt\Documents\FME\TransformerCategories
2025-02-11 12:48:07|   0.0|  0.0|INFORM|FME Configuration: Reader Keyword is `MULTI_READER'
2025-02-11 12:48:07|   0.0|  0.0|INFORM|FME Configuration: Writer Keyword is `PRIMARY_DEST'
2025-02-11 12:48:07|   0.0|  0.0|INFORM|FME Configuration: Writer Group Definition Keyword is `PRIMARY_DEST_DEF'
2025-02-11 12:48:07|   0.0|  0.0|INFORM|FME Configuration: Reader type is `MULTI_READER'
2025-02-11 12:48:07|   0.0|  0.0|INFORM|FME Configuration: Writer type is `MULTI_WRITER'
2025-02-11 12:48:07|   0.0|  0.0|INFORM|FME Configuration: No destination coordinate system set
2025-02-11 12:48:07|   0.0|  0.0|INFORM|FME Configuration: Current working folder is `C:\temp\hki_kuva_pvs\kuva_pvs_demo'
2025-02-11 12:48:07|   0.0|  0.0|INFORM|FME Configuration: Temporary folder is `C:\temp\FME_temp\wbrun_1739193046960_29512\fmetmp_57', set from environment variable `FME_TEMP'
2025-02-11 12:48:07|   0.0|  0.0|INFORM|FME Configuration: Cache folder is 'C:\temp\FME_temp'
2025-02-11 12:48:07|   0.0|  0.0|INFORM|FME Configuration: FME_HOME is `C:\Program Files\FME\'
2025-02-11 12:48:07|   0.0|  0.0|WARN  |FME Configuration: Extremely low initial memory conditions detected. To improve stability and performance please increase the memory available to FME. Available memory can be increased by adding physical RAM, increasing swap space, or closing other applications
2025-02-11 12:48:07|   0.0|  0.0|INFORM|Creating writer for format: 
2025-02-11 12:48:07|   0.0|  0.0|INFORM|Creating reader for format: 
2025-02-11 12:48:07|   0.0|  0.0|INFORM|MULTI_READER(MULTI_READER): Will fail with first member reader failure
2025-02-11 12:48:07|   0.0|  0.0|INFORM|Using Multi Reader with keyword `MULTI_READER' to read multiple datasets
2025-02-11 12:48:07|   0.0|  0.0|INFORM|Using MultiWriter with keyword `PRIMARY_DEST' to output data (ID_ATTRIBUTE is `multi_writer_id')
2025-02-11 12:48:07|   0.0|  0.0|INFORM|Writer output will be ordered by value of multi_writer_id
2025-02-11 12:48:07|   0.0|  0.0|INFORM|Loaded module 'LogCount_func' from file 'C:\Program Files\FME\plugins/LogCount_func.dll'
2025-02-11 12:48:07|   0.0|  0.0|INFORM|FME API version of module 'LogCount_func' matches current internal version (4.0 20230426)
2025-02-11 12:48:07|   0.0|  0.0|INFORM|FME Configuration: Using FME Reprojection Engine
2025-02-11 12:48:07|   0.0|  0.0|INFORM|Emptying factory pipeline
2025-02-11 12:48:07|   0.0|  0.0|STATS |Router and Unexpected Input Remover (RoutingFactory): Tested 0 input feature(s), wrote 0 output feature(s): 0 matched merge filters, 0 were routed to output, 0 could not be routed.
2025-02-11 12:48:07|   0.0|  0.0|STATS |Unwanted Router Input Nuker (TeeFactory): Cloned 0 input feature(s) into 0 output feature(s)
2025-02-11 12:48:07|   0.0|  0.0|STATS |Rakennukset_piste_rekisteritiedot_WFS_1 Splitter (TeeFactory): Cloned 0 input feature(s) into 0 output feature(s)
2025-02-11 12:48:07|   0.0|  0.0|STATS |Rakennukset_alue_rekisteritiedot_WFS_3 Splitter (TeeFactory): Cloned 0 input feature(s) into 0 output feature(s)
2025-02-11 12:48:07|   0.0|  0.0|STATS |lipas_kaikki_alueet_WFS_5 Splitter (TeeFactory): Cloned 0 input feature(s) into 0 output feature(s)
2025-02-11 12:48:07|   0.0|  0.0|STATS |Palvelupaikat_XLSXR_1 Splitter (TeeFactory): Cloned 0 input feature(s) into 0 output feature(s)
2025-02-11 12:48:07|   0.0|  0.0|STATS |Toimipisterekisteri_yksikot_WFS_2 Splitter (TeeFactory): Cloned 0 input feature(s) into 0 output feature(s)
2025-02-11 12:48:07|   0.0|  0.0|STATS |lipas_kaikki_reitit_WFS_4 Splitter (TeeFactory): Cloned 0 input feature(s) into 0 output feature(s)
2025-02-11 12:48:07|   0.0|  0.0|STATS |Restoring 3501 feature(s) from FME feature store file `C:\temp\FME_temp\wb-cache-mockup_data_to_gis-awwScx\Main_AttributeRemover_5 -1 130 fo 0 OUTPUT  0  b7006e3a1fb053377ed869a9705202cf7678e38d.ffs'
2025-02-11 12:48:07|   0.3|  0.3|INFORM|CS-MAP Reprojector: Transformation will be automatically selected for 'EPSG:3067' -> 'EPSG:4326', and is not guaranteed to remain the same in future releases of FME
2025-02-11 12:48:07|   0.3|  0.0|INFORM|Reprojector: Using transformation `Datum:ETRS89/01,Forward(Geocentric)' when reprojecting from EPSG:3067 to EPSG:4326
2025-02-11 12:48:07|   0.3|  0.0|INFORM|Creating writer for format: GeoJSON (Geographic JavaScript Object Notation)
2025-02-11 12:48:07|   0.3|  0.0|INFORM|Trying to find a DYNAMIC plugin for writer named `GEOJSON'
2025-02-11 12:48:07|   0.3|  0.0|INFORM|Loaded module 'GEOJSON' from file 'C:\Program Files\FME\plugins/JSON.dll'
2025-02-11 12:48:07|   0.3|  0.0|INFORM|FME API version of module 'JSON' matches current internal version (4.0 20230426)
2025-02-11 12:48:07|   0.3|  0.0|INFORM|FME Configuration: No destination coordinate system set
2025-02-11 12:48:07|   0.3|  0.0|INFORM|Writer `GEOJSON_2' of type `GEOJSON' using group definition keyword `GEOJSON_2_DEF'
2025-02-11 12:48:07|   0.3|  0.0|INFORM|GeoJSON Writer: All features not in WGS84 will be reprojected to WGS84
2025-02-11 12:48:07|   0.3|  0.0|INFORM|GEOJSON Writer: Opening the GEOJSON writer with destination dataset 'C:\temp\hki_kuva_pvs\kuva_pvs_demo\palvelupaikat_kartalla.geojson'
2025-02-11 12:48:07|   0.3|  0.0|INFORM|FME Configuration: Destination coordinate system set to input coordinate system `EPSG:4326'
2025-02-11 12:48:07|   0.4|  0.1|INFORM|CS-MAP Reprojector: Transformation will be automatically selected for 'EPSG:3879' -> 'EPSG:4326', and is not guaranteed to remain the same in future releases of FME
2025-02-11 12:48:07|   0.4|  0.0|INFORM|Reprojector: Using transformation `Datum:ETRS89/01,Forward(Geocentric)' when reprojecting from EPSG:3879 to EPSG:4326
2025-02-11 12:48:08|   0.6|  0.2|INFORM|ResourceManager: Optimizing Memory Usage.  Please wait...
2025-02-11 12:48:08|   0.8|  0.2|INFORM|ResourceManager: Optimizing Memory Usage.  Please wait...
2025-02-11 12:48:08|   0.8|  0.0|STATS |Reprojector_3 (TeeFactory): Cloned 3501 input feature(s) into 3501 output feature(s)
2025-02-11 12:48:08|   0.8|  0.0|STATS |Destination Feature Type Routing Correlator (RoutingFactory): Tested 3501 input feature(s), wrote 3501 output feature(s): 0 matched merge filters, 3501 were routed to output, 0 could not be routed.
2025-02-11 12:48:08|   0.8|  0.0|STATS |Final Output Nuker (TeeFactory): Cloned 0 input feature(s) into 0 output feature(s)
2025-02-11 12:48:08|   1.0|  0.2|INFORM|ResourceManager: Optimizing Memory Usage.  Please wait...
2025-02-11 12:48:08|   1.0|  0.0|INFORM|Closing the GEOJSON writer
2025-02-11 12:48:08|   1.1|  0.1|INFORM|=-=-=-=-=-=-=-=-=-=-=-=-=-=-=-=-=-=-=-=-=-=-=-=-=-=-=-=-=-=-=-=-=-=-=-=-=-=-=-
2025-02-11 12:48:08|   1.1|  0.0|INFORM|Feature output statistics for `GEOJSON' writer using keyword `GEOJSON_2':
2025-02-11 12:48:08|   1.1|  0.0|STATS |=-=-=-=-=-=-=-=-=-=-=-=-=-=-=-=-=-=-=-=-=-=-=-=-=-=-=-=-=-=-=-=-=-=-=-=-=-=-=-
2025-02-11 12:48:08|   1.1|  0.0|STATS |                               Features Written
2025-02-11 12:48:08|   1.1|  0.0|STATS |=-=-=-=-=-=-=-=-=-=-=-=-=-=-=-=-=-=-=-=-=-=-=-=-=-=-=-=-=-=-=-=-=-=-=-=-=-=-=-
2025-02-11 12:48:08|   1.1|  0.0|STATS |palvelupaikat_geojson                                                     3501
2025-02-11 12:48:08|   1.1|  0.0|STATS |==============================================================================
2025-02-11 12:48:08|   1.1|  0.0|STATS |Total Features Written                                                    3501
2025-02-11 12:48:08|   1.1|  0.0|STATS |=-=-=-=-=-=-=-=-=-=-=-=-=-=-=-=-=-=-=-=-=-=-=-=-=-=-=-=-=-=-=-=-=-=-=-=-=-=-=-
2025-02-11 12:48:08|   1.1|  0.0|STATS |=-=-=-=-=-=-=-=-=-=-=-=-=-=-=-=-=-=-=-=-=-=-=-=-=-=-=-=-=-=-=-=-=-=-=-=-=-=-=-
2025-02-11 12:48:08|   1.1|  0.0|STATS |                            Features Read Summary
2025-02-11 12:48:08|   1.1|  0.0|STATS |=-=-=-=-=-=-=-=-=-=-=-=-=-=-=-=-=-=-=-=-=-=-=-=-=-=-=-=-=-=-=-=-=-=-=-=-=-=-=-
2025-02-11 12:48:08|   1.1|  0.0|STATS |==============================================================================
2025-02-11 12:48:08|   1.1|  0.0|STATS |Total Features Read                                                          0
2025-02-11 12:48:08|   1.1|  0.0|STATS |=-=-=-=-=-=-=-=-=-=-=-=-=-=-=-=-=-=-=-=-=-=-=-=-=-=-=-=-=-=-=-=-=-=-=-=-=-=-=-
2025-02-11 12:48:08|   1.1|  0.0|STATS |=-=-=-=-=-=-=-=-=-=-=-=-=-=-=-=-=-=-=-=-=-=-=-=-=-=-=-=-=-=-=-=-=-=-=-=-=-=-=-
2025-02-11 12:48:08|   1.1|  0.0|STATS |                           Features Written Summary
2025-02-11 12:48:08|   1.1|  0.0|STATS |=-=-=-=-=-=-=-=-=-=-=-=-=-=-=-=-=-=-=-=-=-=-=-=-=-=-=-=-=-=-=-=-=-=-=-=-=-=-=-
2025-02-11 12:48:08|   1.1|  0.0|STATS |palvelupaikat_geojson                                                     3501
2025-02-11 12:48:08|   1.1|  0.0|STATS |==============================================================================
2025-02-11 12:48:08|   1.1|  0.0|STATS |Total Features Written                                                    3501
2025-02-11 12:48:08|   1.1|  0.0|STATS |=-=-=-=-=-=-=-=-=-=-=-=-=-=-=-=-=-=-=-=-=-=-=-=-=-=-=-=-=-=-=-=-=-=-=-=-=-=-=-
2025-02-11 12:48:08|   1.1|  0.0|WARN  |-~-~-~-~-~-~-~-~-~-~-~-~-~-~-~-~-~-~-~-~-~-~-~-~-~-~-~-~-~-~-~-~-~-~-~-~-~-~-~-~-
2025-02-11 12:48:08|   1.1|  0.0|WARN  |-~                                                                             ~-
2025-02-11 12:48:08|   1.1|  0.0|WARN  |-~    Feature caches have been recorded at every stage of the translation.     ~-
2025-02-11 12:48:08|   1.1|  0.0|WARN  |-~                      To inspect the recorded features,                      ~-
2025-02-11 12:48:08|   1.1|  0.0|WARN  |-~              click the feature cache icons next to the ports.               ~-
2025-02-11 12:48:08|   1.1|  0.0|WARN  |-~                                                                             ~-
2025-02-11 12:48:08|   1.1|  0.0|WARN  |-~-~-~-~-~-~-~-~-~-~-~-~-~-~-~-~-~-~-~-~-~-~-~-~-~-~-~-~-~-~-~-~-~-~-~-~-~-~-~-~-
2025-02-11 12:48:08|   1.1|  0.0|INFORM|Translation was SUCCESSFUL with 9 warning(s) (3501 feature(s) output)
2025-02-11 12:48:08|   1.1|  0.0|INFORM|FME Session Duration: 1.2 seconds. (CPU: 0.9s user, 0.2s system)
2025-02-11 12:48:08|   1.1|  0.0|INFORM|END - ProcessID: 25240, peak process memory usage: 95624 kB, current process memory usage: 94476 kB
